  Cliente.cpp
  main.cpp
  menu.cpp
C:\Users\Agus\source\repos\SISmechanic\SISmechanic\menu.cpp(74,13): error C2660: 'Menu::verClientes': la función no acepta 0 argumentos
      C:\Users\Agus\source\repos\SISmechanic\SISmechanic\menu.h(24,10):
      vea la declaración de 'Menu::verClientes'
      C:\Users\Agus\source\repos\SISmechanic\SISmechanic\menu.cpp(74,13):
      al hacer coincidir la lista de argumentos '()'
  
C:\Users\Agus\source\repos\SISmechanic\SISmechanic\menu.cpp(177,12): error C2511: 'void Menu::verClientes(int)': la función miembro sobrecargada no se ha encontrado en 'Menu'
      C:\Users\Agus\source\repos\SISmechanic\SISmechanic\menu.h(7,7):
      vea la declaración de 'Menu'
  
C:\Users\Agus\source\repos\SISmechanic\SISmechanic\menu.cpp(179,21): error C2597: referencia no válida a miembro no static 'Menu::conexion'
      C:\Users\Agus\source\repos\SISmechanic\SISmechanic\menu.h(16,17):
      vea la declaración de 'Menu::conexion'
  
C:\Users\Agus\source\repos\SISmechanic\SISmechanic\menu.cpp(191,17): error C2144: error de sintaxis: 'int' debe estar precedido de ')'
C:\Users\Agus\source\repos\SISmechanic\SISmechanic\menu.cpp(191,5): error C2660: 'Menu::verClientes': la función no acepta 0 argumentos
      C:\Users\Agus\source\repos\SISmechanic\SISmechanic\menu.h(24,10):
      vea la declaración de 'Menu::verClientes'
      C:\Users\Agus\source\repos\SISmechanic\SISmechanic\menu.cpp(191,5):
      al hacer coincidir la lista de argumentos '()'
  
C:\Users\Agus\source\repos\SISmechanic\SISmechanic\menu.cpp(191,17): error C2144: error de sintaxis: 'int' debe estar precedido de ';'
C:\Users\Agus\source\repos\SISmechanic\SISmechanic\menu.cpp(191,29): error C2059: error de sintaxis: ')'
